helper-app/build/intermediates/manifest_merge_blame_file/debug/processDebugMainManifest/manifest-merger-blame-debug-report.txt
1<?xml version="1.0" encoding="utf-8"?>
2<manifest xmlns:android="http://schemas.android.com/apk/res/android"
3    package="com.digibuddy.helper"
4    android:versionCode="1"
5    android:versionName="1.0" >
6
7    <uses-sdk
8        android:minSdkVersion="24"
9        android:targetSdkVersion="35" />
10
11    <!-- Permissions -->
12    <uses-permission android:name="android.permission.INTERNET" />
12-->src\main\AndroidManifest.xml:6:5-67
12-->src\main\AndroidManifest.xml:6:22-64
13    <uses-permission android:name="android.permission.ACCESS_NETWORK_STATE" />
13-->src\main\AndroidManifest.xml:7:5-79
13-->src\main\AndroidManifest.xml:7:22-76
14    <uses-permission android:name="android.permission.ACCESS_FINE_LOCATION" />
14-->src\main\AndroidManifest.xml:8:5-79
14-->src\main\AndroidManifest.xml:8:22-76
15    <uses-permission android:name="android.permission.ACCESS_COARSE_LOCATION" />
15-->src\main\AndroidManifest.xml:9:5-81
15-->src\main\AndroidManifest.xml:9:22-78
16    <uses-permission android:name="android.permission.POST_NOTIFICATIONS" />
16-->src\main\AndroidManifest.xml:10:5-77
16-->src\main\AndroidManifest.xml:10:22-74
17    <uses-permission android:name="android.permission.CAMERA" />
17-->src\main\AndroidManifest.xml:11:5-65
17-->src\main\AndroidManifest.xml:11:22-62
18    <uses-permission android:name="android.permission.READ_MEDIA_IMAGES" />
18-->src\main\AndroidManifest.xml:12:5-76
18-->src\main\AndroidManifest.xml:12:22-73
19    <uses-permission
19-->src\main\AndroidManifest.xml:13:5-14:38
20        android:name="android.permission.READ_EXTERNAL_STORAGE"
20-->src\main\AndroidManifest.xml:13:22-77
21        android:maxSdkVersion="32" />
21-->src\main\AndroidManifest.xml:14:9-35
22
23    <uses-feature
23-->[com.google.android.gms:play-services-maps:19.0.0] AndroidManifest.xml:26:5-28:35
24        android:glEsVersion="0x00020000"
24-->[com.google.android.gms:play-services-maps:19.0.0] AndroidManifest.xml:27:9-41
25        android:required="true" />
25-->[com.google.android.gms:play-services-maps:19.0.0] AndroidManifest.xml:28:9-32
26
27    <queries>
27-->[com.google.android.gms:play-services-maps:19.0.0] AndroidManifest.xml:30:5-34:15
28
29        <!-- Needs to be explicitly declared on Android R+ -->
30        <package android:name="com.google.android.apps.maps" />
30-->[com.google.android.gms:play-services-maps:19.0.0] AndroidManifest.xml:33:9-64
30-->[com.google.android.gms:play-services-maps:19.0.0] AndroidManifest.xml:33:18-61
31    </queries>
32
33    <permission
33-->[androidx.core:core:1.13.1] AndroidManifest.xml:22:5-24:47
34        android:name="com.digibuddy.helper.DYNAMIC_RECEIVER_NOT_EXPORTED_PERMISSION"
34-->[androidx.core:core:1.13.1] AndroidManifest.xml:23:9-81
35        android:protectionLevel="signature" />
35-->[androidx.core:core:1.13.1] AndroidManifest.xml:24:9-44
36
37    <uses-permission android:name="com.digibuddy.helper.DYNAMIC_RECEIVER_NOT_EXPORTED_PERMISSION" />
37-->[androidx.core:core:1.13.1] AndroidManifest.xml:26:5-97
37-->[androidx.core:core:1.13.1] AndroidManifest.xml:26:22-94
38
39    <application
39-->src\main\AndroidManifest.xml:16:5-41:19
40        android:name="com.digibuddy.helper.DigiBuddyHelperApp"
40-->src\main\AndroidManifest.xml:17:9-43
41        android:allowBackup="true"
41-->src\main\AndroidManifest.xml:18:9-35
42        android:appComponentFactory="androidx.core.app.CoreComponentFactory"
42-->[androidx.core:core:1.13.1] AndroidManifest.xml:28:18-86
43        android:debuggable="true"
44        android:extractNativeLibs="false"
45        android:icon="@mipmap/ic_launcher"
45-->src\main\AndroidManifest.xml:19:9-43
46        android:label="@string/app_name"
46-->src\main\AndroidManifest.xml:20:9-41
47        android:roundIcon="@mipmap/ic_launcher_round"
47-->src\main\AndroidManifest.xml:21:9-54
48        android:supportsRtl="true"
48-->src\main\AndroidManifest.xml:22:9-35
49        android:testOnly="true"
50        android:theme="@style/Theme.DigiBuddyHelper"
50-->src\main\AndroidManifest.xml:23:9-53
51        android:usesCleartextTraffic="true" >
51-->src\main\AndroidManifest.xml:24:9-44
52
53        <!-- Google Maps API Key -->
54        <meta-data
55            android:name="com.google.android.geo.API_KEY"
55-->src\main\AndroidManifest.xml:29:13-58
56            android:value="AIzaSyCRuOzlLVmVjE_ZSaI6JZeaSD98Ch5iWzo" />
56-->src\main\AndroidManifest.xml:30:13-44
57
58        <activity
58-->src\main\AndroidManifest.xml:32:9-40:20
59            android:name="com.digibuddy.helper.MainActivity"
59-->src\main\AndroidManifest.xml:33:13-41
60            android:exported="true"
60-->src\main\AndroidManifest.xml:34:13-36
61            android:theme="@style/Theme.DigiBuddyHelper.Splash" >
61-->src\main\AndroidManifest.xml:35:13-64
62            <intent-filter>
62-->src\main\AndroidManifest.xml:36:13-39:29
63                <action android:name="android.intent.action.MAIN" />
63-->src\main\AndroidManifest.xml:37:17-69
63-->src\main\AndroidManifest.xml:37:25-66
64
65                <category android:name="android.intent.category.LAUNCHER" />
65-->src\main\AndroidManifest.xml:38:17-77
65-->src\main\AndroidManifest.xml:38:27-74
66            </intent-filter>
67        </activity>
68        <!-- Needs to be explicitly declared on P+ -->
69        <uses-library
69-->[com.google.android.gms:play-services-maps:19.0.0] AndroidManifest.xml:39:9-41:40
70            android:name="org.apache.http.legacy"
70-->[com.google.android.gms:play-services-maps:19.0.0] AndroidManifest.xml:40:13-50
71            android:required="false" />
71-->[com.google.android.gms:play-services-maps:19.0.0] AndroidManifest.xml:41:13-37
72
73        <activity
73-->[com.google.android.gms:play-services-base:18.5.0] AndroidManifest.xml:5:9-173
74            android:name="com.google.android.gms.common.api.GoogleApiActivity"
74-->[com.google.android.gms:play-services-base:18.5.0] AndroidManifest.xml:5:19-85
75            android:exported="false"
75-->[com.google.android.gms:play-services-base:18.5.0] AndroidManifest.xml:5:146-170
76            android:theme="@android:style/Theme.Translucent.NoTitleBar" />
76-->[com.google.android.gms:play-services-base:18.5.0] AndroidManifest.xml:5:86-145
77        <activity
77-->[androidx.compose.ui:ui-test-manifest:1.7.6] AndroidManifest.xml:23:9-25:39
78            android:name="androidx.activity.ComponentActivity"
78-->[androidx.compose.ui:ui-test-manifest:1.7.6] AndroidManifest.xml:24:13-63
79            android:exported="true" />
79-->[androidx.compose.ui:ui-test-manifest:1.7.6] AndroidManifest.xml:25:13-36
80        <activity
80-->[androidx.compose.ui:ui-tooling-android:1.7.6] AndroidManifest.xml:23:9-25:39
81            android:name="androidx.compose.ui.tooling.PreviewActivity"
81-->[androidx.compose.ui:ui-tooling-android:1.7.6] AndroidManifest.xml:24:13-71
82            android:exported="true" />
82-->[androidx.compose.ui:ui-tooling-android:1.7.6] AndroidManifest.xml:25:13-36
83
84        <provider
84-->[androidx.emoji2:emoji2:1.3.0] AndroidManifest.xml:24:9-32:20
85            android:name="androidx.startup.InitializationProvider"
85-->[androidx.emoji2:emoji2:1.3.0] AndroidManifest.xml:25:13-67
86            android:authorities="com.digibuddy.helper.androidx-startup"
86-->[androidx.emoji2:emoji2:1.3.0] AndroidManifest.xml:26:13-68
87            android:exported="false" >
87-->[androidx.emoji2:emoji2:1.3.0] AndroidManifest.xml:27:13-37
88            <meta-data
88-->[androidx.emoji2:emoji2:1.3.0] AndroidManifest.xml:29:13-31:52
89                android:name="androidx.emoji2.text.EmojiCompatInitializer"
89-->[androidx.emoji2:emoji2:1.3.0] AndroidManifest.xml:30:17-75
90                android:value="androidx.startup" />
90-->[androidx.emoji2:emoji2:1.3.0] AndroidManifest.xml:31:17-49
91            <meta-data
91-->[androidx.lifecycle:lifecycle-process:2.8.7] AndroidManifest.xml:29:13-31:52
92                android:name="androidx.lifecycle.ProcessLifecycleInitializer"
92-->[androidx.lifecycle:lifecycle-process:2.8.7] AndroidManifest.xml:30:17-78
93                android:value="androidx.startup" />
93-->[androidx.lifecycle:lifecycle-process:2.8.7] AndroidManifest.xml:31:17-49
94            <meta-data
94-->[androidx.profileinstaller:profileinstaller:1.3.1] AndroidManifest.xml:29:13-31:52
95                android:name="androidx.profileinstaller.ProfileInstallerInitializer"
95-->[androidx.profileinstaller:profileinstaller:1.3.1] AndroidManifest.xml:30:17-85
96                android:value="androidx.startup" />
96-->[androidx.profileinstaller:profileinstaller:1.3.1] AndroidManifest.xml:31:17-49
97        </provider>
98
99        <meta-data
99-->[com.google.android.gms:play-services-basement:18.4.0] AndroidManifest.xml:6:9-122
100            android:name="com.google.android.gms.version"
100-->[com.google.android.gms:play-services-basement:18.4.0] AndroidManifest.xml:6:20-65
101            android:value="@integer/google_play_services_version" />
101-->[com.google.android.gms:play-services-basement:18.4.0] AndroidManifest.xml:6:66-119
102
103        <receiver
103-->[androidx.profileinstaller:profileinstaller:1.3.1] AndroidManifest.xml:34:9-52:20
104            android:name="androidx.profileinstaller.ProfileInstallReceiver"
104-->[androidx.profileinstaller:profileinstaller:1.3.1] AndroidManifest.xml:35:13-76
105            android:directBootAware="false"
105-->[androidx.profileinstaller:profileinstaller:1.3.1] AndroidManifest.xml:36:13-44
106            android:enabled="true"
106-->[androidx.profileinstaller:profileinstaller:1.3.1] AndroidManifest.xml:37:13-35
107            android:exported="true"
107-->[androidx.profileinstaller:profileinstaller:1.3.1] AndroidManifest.xml:38:13-36
108            android:permission="android.permission.DUMP" >
108-->[androidx.profileinstaller:profileinstaller:1.3.1] AndroidManifest.xml:39:13-57
109            <intent-filter>
109-->[androidx.profileinstaller:profileinstaller:1.3.1] AndroidManifest.xml:40:13-42:29
110                <action android:name="androidx.profileinstaller.action.INSTALL_PROFILE" />
110-->[androidx.profileinstaller:profileinstaller:1.3.1] AndroidManifest.xml:41:17-91
110-->[androidx.profileinstaller:profileinstaller:1.3.1] AndroidManifest.xml:41:25-88
111            </intent-filter>
112            <intent-filter>
112-->[androidx.profileinstaller:profileinstaller:1.3.1] AndroidManifest.xml:43:13-45:29
113                <action android:name="androidx.profileinstaller.action.SKIP_FILE" />
113-->[androidx.profileinstaller:profileinstaller:1.3.1] AndroidManifest.xml:44:17-85
113-->[androidx.profileinstaller:profileinstaller:1.3.1] AndroidManifest.xml:44:25-82
114            </intent-filter>
115            <intent-filter>
115-->[androidx.profileinstaller:profileinstaller:1.3.1] AndroidManifest.xml:46:13-48:29
116                <action android:name="androidx.profileinstaller.action.SAVE_PROFILE" />
116-->[androidx.profileinstaller:profileinstaller:1.3.1] AndroidManifest.xml:47:17-88
116-->[androidx.profileinstaller:profileinstaller:1.3.1] AndroidManifest.xml:47:25-85
117            </intent-filter>
118            <intent-filter>
118-->[androidx.profileinstaller:profileinstaller:1.3.1] AndroidManifest.xml:49:13-51:29
119                <action android:name="androidx.profileinstaller.action.BENCHMARK_OPERATION" />
119-->[androidx.profileinstaller:profileinstaller:1.3.1] AndroidManifest.xml:50:17-95
119-->[androidx.profileinstaller:profileinstaller:1.3.1] AndroidManifest.xml:50:25-92
120            </intent-filter>
121        </receiver>
122    </application>
123
124</manifest>